\BOOKMARK [1][-]{section.1}{\376\377\000I\000n\000t\000r\000o\000d\000u\000z\000i\000o\000n\000e}{}% 1
\BOOKMARK [2][-]{subsection.1.1}{\376\377\000O\000b\000i\000e\000t\000t\000i\000v\000i}{section.1}% 2
\BOOKMARK [2][-]{subsection.1.2}{\376\377\000H\000o\000m\000e\000\040\000A\000s\000s\000i\000s\000t\000a\000n\000t}{section.1}% 3
\BOOKMARK [3][-]{subsubsection.1.2.1}{\376\377\000C\000o\000s\000'\000\350\000\040\000H\000o\000m\000e\000\040\000A\000s\000s\000i\000s\000t\000a\000n\000t}{subsection.1.2}% 4
\BOOKMARK [3][-]{subsubsection.1.2.2}{\376\377\000P\000e\000r\000c\000h\000\350\000\040\000H\000o\000m\000e\000\040\000A\000s\000s\000i\000s\000t\000a\000n\000t}{subsection.1.2}% 5
\BOOKMARK [3][-]{subsubsection.1.2.3}{\376\377\000P\000e\000r\000c\000h\000\351\000\040\000p\000r\000e\000f\000e\000r\000i\000r\000e\000\040\000H\000A\000s\000s\000\040\000a\000l\000l\000e\000\040\000s\000o\000l\000u\000z\000i\000o\000n\000i\000\040\000c\000l\000o\000u\000d\000-\000b\000a\000s\000e\000d}{subsection.1.2}% 6
\BOOKMARK [2][-]{subsection.1.3}{\376\377\000E\000S\000P\000H\000o\000m\000e}{section.1}% 7
\BOOKMARK [3][-]{subsubsection.1.3.1}{\376\377\000C\000o\000s\000'\000\350\000\040\000E\000S\000P\000H\000o\000m\000e}{subsection.1.3}% 8
\BOOKMARK [3][-]{subsubsection.1.3.2}{\376\377\000P\000e\000r\000c\000h\000\351\000\040\000E\000S\000P\000H\000o\000m\000e}{subsection.1.3}% 9
\BOOKMARK [1][-]{section.2}{\376\377\000S\000v\000i\000l\000u\000p\000p\000o\000\040\000d\000e\000l\000\040\000p\000r\000o\000g\000e\000t\000t\000o}{}% 10
\BOOKMARK [2][-]{subsection.2.1}{\376\377\000S\000e\000t\000u\000p\000\040\000d\000e\000l\000\040\000s\000e\000r\000v\000e\000r}{section.2}% 11
\BOOKMARK [3][-]{subsubsection.2.1.1}{\376\377\000P\000r\000e\000p\000a\000r\000a\000z\000i\000o\000n\000e\000\040\000d\000e\000l\000l\000a\000\040\000m\000a\000c\000c\000h\000i\000n\000a}{subsection.2.1}% 12
\BOOKMARK [3][-]{subsubsection.2.1.2}{\376\377\000S\000c\000e\000l\000t\000a\000\040\000d\000e\000l\000l\000'\000h\000a\000r\000d\000w\000a\000r\000e}{subsection.2.1}% 13
\BOOKMARK [3][-]{subsubsection.2.1.3}{\376\377\000I\000n\000s\000t\000a\000l\000l\000a\000z\000i\000o\000n\000e\000\040\000d\000e\000l\000\040\000s\000i\000s\000t\000e\000m\000a\000\040\000o\000p\000e\000r\000a\000t\000i\000v\000o}{subsection.2.1}% 14
\BOOKMARK [3][-]{subsubsection.2.1.4}{\376\377\000P\000o\000s\000i\000z\000i\000o\000n\000a\000m\000e\000n\000t\000o\000\040\000d\000e\000l\000\040\000s\000e\000r\000v\000e\000r}{subsection.2.1}% 15
\BOOKMARK [2][-]{subsection.2.2}{\376\377\000S\000t\000r\000u\000t\000t\000u\000r\000a\000z\000i\000o\000n\000e\000\040\000d\000e\000l\000l\000a\000\040\000r\000e\000t\000e}{section.2}% 16
\BOOKMARK [3][-]{subsubsection.2.2.1}{\376\377\000S\000c\000e\000l\000t\000a\000\040\000d\000e\000l\000l\000'\000a\000c\000c\000e\000s\000s\000\040\000p\000o\000i\000n\000t}{subsection.2.2}% 17
\BOOKMARK [3][-]{subsubsection.2.2.2}{\376\377\000C\000o\000n\000f\000i\000g\000u\000r\000a\000z\000i\000o\000n\000e\000\040\000d\000e\000l\000l\000'\000a\000c\000c\000e\000s\000s\000\040\000p\000o\000i\000n\000t}{subsection.2.2}% 18
\BOOKMARK [3][-]{subsubsection.2.2.3}{\376\377\000P\000o\000s\000i\000z\000i\000o\000n\000a\000m\000e\000n\000t\000o\000\040\000d\000e\000l\000l\000'\000a\000c\000c\000e\000s\000s\000\040\000p\000o\000i\000n\000t}{subsection.2.2}% 19
\BOOKMARK [2][-]{subsection.2.3}{\376\377\000C\000o\000n\000f\000i\000g\000u\000r\000a\000z\000i\000o\000n\000e\000\040\000d\000i\000\040\000H\000o\000m\000e\000\040\000A\000s\000s\000i\000s\000t\000a\000n\000t}{section.2}% 20
\BOOKMARK [3][-]{subsubsection.2.3.1}{\376\377\000P\000r\000e\000p\000a\000r\000a\000z\000i\000o\000n\000e\000\040\000d\000e\000l\000l\000'\000E\000S\000P\0003\0002\000\040\000c\000o\000n\000\040\000E\000S\000P\000H\000o\000m\000e}{subsection.2.3}% 21
\BOOKMARK [3][-]{subsubsection.2.3.2}{\376\377\000C\000o\000n\000f\000i\000g\000u\000r\000a\000z\000i\000o\000n\000e\000\040\000d\000e\000i\000\040\000m\000i\000c\000r\000o\000c\000o\000n\000t\000r\000o\000l\000l\000o\000r\000i\000\040\000c\000o\000n\000\040\000E\000S\000P\000H\000o\000m\000e}{subsection.2.3}% 22
\BOOKMARK [3][-]{subsubsection.2.3.3}{\376\377\000C\000o\000n\000f\000i\000g\000u\000r\000a\000z\000i\000o\000n\000e\000\040\000d\000e\000i\000\040\000s\000e\000n\000s\000o\000r\000i}{subsection.2.3}% 23
\BOOKMARK [3][-]{subsubsection.2.3.4}{\376\377\000P\000r\000o\000g\000r\000a\000m\000m\000a\000z\000i\000o\000n\000e\000\040\000d\000e\000l\000\040\000m\000i\000c\000r\000o\000c\000o\000n\000t\000r\000o\000l\000l\000o\000r\000e}{subsection.2.3}% 24
\BOOKMARK [3][-]{subsubsection.2.3.5}{\376\377\000C\000o\000n\000f\000i\000g\000u\000r\000a\000z\000i\000o\000n\000e\000\040\000d\000e\000i\000\040\000p\000u\000l\000s\000a\000n\000t\000i}{subsection.2.3}% 25
\BOOKMARK [3][-]{subsubsection.2.3.6}{\376\377\000C\000o\000n\000f\000i\000g\000u\000r\000a\000z\000i\000o\000n\000e\000\040\000d\000e\000l\000l\000a\000\040\000p\000o\000m\000p\000a}{subsection.2.3}% 26
\BOOKMARK [3][-]{subsubsection.2.3.7}{\376\377\000I\000n\000s\000t\000a\000l\000l\000a\000z\000i\000o\000n\000e\000\040\000d\000e\000l\000\040\000p\000a\000n\000n\000e\000l\000l\000o\000\040\000f\000o\000t\000o\000v\000o\000l\000t\000a\000i\000c\000o}{subsection.2.3}% 27
\BOOKMARK [3][-]{subsubsection.2.3.8}{\376\377\000P\000o\000s\000i\000z\000i\000o\000n\000a\000m\000e\000n\000t\000o\000\040\000d\000e\000i\000\040\000m\000i\000c\000r\000o\000c\000o\000n\000t\000r\000o\000l\000l\000o\000r\000i}{subsection.2.3}% 28
\BOOKMARK [3][-]{subsubsection.2.3.9}{\376\377\000P\000r\000o\000g\000r\000a\000m\000m\000a\000z\000i\000o\000n\000e\000\040\000d\000e\000l\000l\000e\000\040\000a\000u\000t\000o\000m\000a\000z\000i\000o\000n\000i\000\040\000d\000i\000\040\000H\000o\000m\000e\000\040\000A\000s\000s\000i\000s\000t\000a\000n\000t}{subsection.2.3}% 29
\BOOKMARK [3][-]{subsubsection.2.3.10}{\376\377\000C\000o\000n\000f\000i\000g\000u\000r\000a\000z\000i\000o\000n\000e\000\040\000d\000e\000l\000l\000a\000\040\000d\000a\000s\000h\000b\000o\000a\000r\000d\000\040\000d\000i\000\040\000H\000o\000m\000e\000\040\000A\000s\000s\000i\000s\000t\000a\000n\000t}{subsection.2.3}% 30
\BOOKMARK [1][-]{section.3}{\376\377\000R\000i\000s\000u\000l\000t\000a\000t\000o}{}% 31
\BOOKMARK [1][-]{section.4}{\376\377\000O\000s\000s\000e\000r\000v\000a\000z\000i\000o\000n\000i\000\040\000e\000\040\000r\000i\000f\000l\000e\000s\000s\000i\000o\000n\000i}{}% 32
\BOOKMARK [1][-]{section.5}{\376\377\000C\000o\000n\000c\000l\000u\000s\000i\000o\000n\000i}{}% 33
